#
# There is insufficient memory for the Java Runtime Environment to continue.
# Native memory allocation (malloc) failed to allocate 138784 bytes for Chunk::new
# Possible reasons:
#   The system is out of physical RAM or swap space
#   The process is running with CompressedOops enabled, and the Java Heap may be blocking the growth of the native heap
# Possible solutions:
#   Reduce memory load on the system
#   Increase physical memory or swap space
#   Check if swap backing store is full
#   Decrease Java heap size (-Xmx/-Xms)
#   Decrease number of Java threads
#   Decrease Java thread stack sizes (-Xss)
#   Set larger code cache with -XX:ReservedCodeCacheSize=
#   JVM is running with Unscaled Compressed Oops mode in which the Java heap is
#     placed in the first 4GB address space. The Java Heap base address is the
#     maximum limit for the native heap growth. Please use -XX:HeapBaseMinAddress
#     to set the Java Heap base and to place the Java Heap above 4GB virtual address.
# This output file may be truncated or incomplete.
#
#  Out of Memory Error (allocation.cpp:389), pid=6624, tid=0x000000000000170c
#
# JRE version: OpenJDK Runtime Environment (8.0_202-b03) (build 1.8.0_202-release-1483-b03)
# Java VM: OpenJDK 64-Bit Server VM (25.202-b03 mixed mode windows-amd64 compressed oops)
# Failed to write core dump. Minidumps are not enabled by default on client versions of Windows
#

---------------  T H R E A D  ---------------

Current thread (0x00000000564c3000):  JavaThread "C2 CompilerThread0" daemon [_thread_in_native, id=5900, stack(0x0000000056c30000,0x0000000056d30000)]

Stack: [0x0000000056c30000,0x0000000056d30000]
[error occurred during error reporting (printing stack bounds), id 0xc0000005]

Native frames: (J=compiled Java code, j=interpreted, Vv=VM code, C=native code)


Current CompileTask:
C2:   7694 3163       4       sun.nio.fs.WindowsPathParser::normalize (233 bytes)


---------------  P R O C E S S  ---------------

Java Threads: ( => current thread )
  0x000000005653c000 JavaThread "Service Thread" daemon [_thread_blocked, id=10124, stack(0x0000000056d30000,0x0000000056e30000)]
  0x00000000564c8000 JavaThread "C1 CompilerThread2" daemon [_thread_in_native, id=7792, stack(0x0000000057010000,0x0000000057110000)]
  0x00000000550ee800 JavaThread "C2 CompilerThread1" daemon [_thread_in_vm, id=8108, stack(0x0000000056e40000,0x0000000056f40000)]
=>0x00000000564c3000 JavaThread "C2 CompilerThread0" daemon [_thread_in_native, id=5900, stack(0x0000000056c30000,0x0000000056d30000)]
  0x00000000564c1800 JavaThread "Attach Listener" daemon [_thread_blocked, id=11108, stack(0x0000000056ab0000,0x0000000056bb0000)]
  0x00000000564bb000 JavaThread "Signal Dispatcher" daemon [_thread_blocked, id=8244, stack(0x00000000568c0000,0x00000000569c0000)]
  0x00000000550d7800 JavaThread "Finalizer" daemon [_thread_blocked, id=1116, stack(0x00000000563b0000,0x00000000564b0000)]
  0x00000000550d0800 JavaThread "Reference Handler" daemon [_thread_blocked, id=6440, stack(0x0000000056220000,0x0000000056320000)]
  0x0000000002131000 JavaThread "main" [_thread_in_Java, id=6084, stack(0x00000000023c0000,0x00000000024c0000)]

Other Threads:
  0x0000000055088800 VMThread [stack: 0x0000000055f60000,0x0000000056060000] [id=6136]
  0x000000005653f000 WatcherThread [stack: 0x0000000057280000,0x0000000057380000] [id=11588]

VM state:not at safepoint (normal execution)

VM Mutex/Monitor currently owned by a thread: None

heap address: 0x00000000c0c00000, size: 1012 MB, Compressed Oops mode: 32-bit
Narrow klass base: 0x0000000000000000, Narrow klass shift: 0
Compressed class space size: 1073741824 Address: 0x00000000146f0000

Heap:
 PSYoungGen      total 72192K, used 12662K [0x00000000eaf00000, 0x00000000f1780000, 0x0000000100000000)
  eden space 64000K, 19% used [0x00000000eaf00000,0x00000000ebb5da30,0x00000000eed80000)
  from space 8192K, 0% used [0x00000000eed80000,0x00000000eed80000,0x00000000ef580000)
  to   space 13824K, 0% used [0x00000000f0a00000,0x00000000f0a00000,0x00000000f1780000)
 ParOldGen       total 63488K, used 18484K [0x00000000c0c00000, 0x00000000c4a00000, 0x00000000eaf00000)
  object space 63488K, 29% used [0x00000000c0c00000,0x00000000c1e0d020,0x00000000c4a00000)
 Metaspace       used 36696K, capacity 37276K, committed 37544K, reserved 1085440K
  class space    used 4659K, capacity 4798K, committed 4864K, reserved 1048576K

Card table byte_map: [0x0000000011b50000,0x0000000011d50000] byte_map_base: 0x000000001154a000

Marking Bits: (ParMarkBitMap*) 0x0000000058939f30
 Begin Bits: [0x0000000012550000, 0x0000000013520000)
 End Bits:   [0x0000000013520000, 0x00000000144f0000)

Polling page: 0x0000000000330000

CodeCache: size=245760Kb used=9980Kb max_used=9980Kb free=235779Kb
 bounds [0x0000000002790000, 0x0000000003160000, 0x0000000011790000]
 total_blobs=3617 nmethods=3180 adapters=350
 compilation: enabled

Compilation events (10 events):
Event: 7.676 Thread 0x00000000564c8000 nmethod 3196 0x0000000003142310 code [0x00000000031426a0, 0x00000000031442a8]
Event: 7.676 Thread 0x00000000564c8000 3194       3       org.jetbrains.kotlin.metadata.jvm.JvmProtoBuf$StringTableTypes$Record::hasString (16 bytes)
Event: 7.676 Thread 0x00000000550ee800 3195       4       java.util.Collections$UnmodifiableCollection$1::hasNext (10 bytes)
Event: 7.677 Thread 0x00000000550ee800 nmethod 3195 0x0000000003147c90 code [0x0000000003147dc0, 0x0000000003147e38]
Event: 7.677 Thread 0x00000000564c8000 nmethod 3194 0x0000000003147910 code [0x0000000003147a60, 0x0000000003147c10]
Event: 7.677 Thread 0x00000000564c8000 3197       3       org.jetbrains.kotlin.protobuf.FieldSet::computeElementSize (24 bytes)
Event: 7.677 Thread 0x00000000564c8000 nmethod 3197 0x0000000003147390 code [0x0000000003147520, 0x00000000031477d8]
Event: 7.677 Thread 0x00000000564c8000 3198 %     3       org.jetbrains.kotlin.metadata.jvm.deserialization.UtfEncodingKt::stringsToBytes @ 122 (204 bytes)
Event: 7.678 Thread 0x00000000564c8000 nmethod 3198% 0x0000000003145e90 code [0x0000000003146080, 0x0000000003146b38]
Event: 7.678 Thread 0x00000000564c8000 3199   !   3       org.jetbrains.kotlin.metadata.jvm.JvmProtoBuf$StringTableTypes$Record::<init> (759 bytes)

GC Heap History (10 events):
Event: 5.055 GC heap before
{Heap before GC invocations=8 (full 1):
 PSYoungGen      total 53248K, used 52922K [0x00000000eaf00000, 0x00000000efd80000, 0x0000000100000000)
  eden space 46080K, 100% used [0x00000000eaf00000,0x00000000edc00000,0x00000000edc00000)
  from space 7168K, 95% used [0x00000000ef680000,0x00000000efd2ea50,0x00000000efd80000)
  to   space 8192K, 0% used [0x00000000eed80000,0x00000000eed80000,0x00000000ef580000)
 ParOldGen       total 43008K, used 11356K [0x00000000c0c00000, 0x00000000c3600000, 0x00000000eaf00000)
  object space 43008K, 26% used [0x00000000c0c00000,0x00000000c17173f8,0x00000000c3600000)
 Metaspace       used 30537K, capacity 31018K, committed 31232K, reserved 1077248K
  class space    used 3903K, capacity 4060K, committed 4096K, reserved 1048576K
Event: 5.582 GC heap after
Heap after GC invocations=8 (full 1):
 PSYoungGen      total 72192K, used 8190K [0x00000000eaf00000, 0x00000000f1780000, 0x0000000100000000)
  eden space 64000K, 0% used [0x00000000eaf00000,0x00000000eaf00000,0x00000000eed80000)
  from space 8192K, 99% used [0x00000000eed80000,0x00000000ef57fb08,0x00000000ef580000)
  to   space 13824K, 0% used [0x00000000f0a00000,0x00000000f0a00000,0x00000000f1780000)
 ParOldGen       total 43008K, used 20545K [0x00000000c0c00000, 0x00000000c3600000, 0x00000000eaf00000)
  object space 43008K, 47% used [0x00000000c0c00000,0x00000000c2010528,0x00000000c3600000)
 Metaspace       used 30537K, capacity 31018K, committed 31232K, reserved 1077248K
  class space    used 3903K, capacity 4060K, committed 4096K, reserved 1048576K
}
Event: 6.635 GC heap before
{Heap before GC invocations=9 (full 1):
 PSYoungGen      total 72192K, used 28481K [0x00000000eaf00000, 0x00000000f1780000, 0x0000000100000000)
  eden space 64000K, 31% used [0x00000000eaf00000,0x00000000ec2d0bb0,0x00000000eed80000)
  from space 8192K, 99% used [0x00000000eed80000,0x00000000ef57fb08,0x00000000ef580000)
  to   space 13824K, 0% used [0x00000000f0a00000,0x00000000f0a00000,0x00000000f1780000)
 ParOldGen       total 43008K, used 20545K [0x00000000c0c00000, 0x00000000c3600000, 0x00000000eaf00000)
  object space 43008K, 47% used [0x00000000c0c00000,0x00000000c2010528,0x00000000c3600000)
 Metaspace       used 34910K, capacity 35416K, committed 35496K, reserved 1081344K
  class space    used 4455K, capacity 4604K, committed 4608K, reserved 1048576K
Event: 6.682 GC heap after
Heap after GC invocations=9 (full 1):
 PSYoungGen      total 77824K, used 13749K [0x00000000eaf00000, 0x00000000f1780000, 0x0000000100000000)
  eden space 64000K, 0% used [0x00000000eaf00000,0x00000000eaf00000,0x00000000eed80000)
  from space 13824K, 99% used [0x00000000f0a00000,0x00000000f176d790,0x00000000f1780000)
  to   space 8192K, 0% used [0x00000000eed80000,0x00000000eed80000,0x00000000ef580000)
 ParOldGen       total 43008K, used 20553K [0x00000000c0c00000, 0x00000000c3600000, 0x00000000eaf00000)
  object space 43008K, 47% used [0x00000000c0c00000,0x00000000c2012528,0x00000000c3600000)
 Metaspace       used 34910K, capacity 35416K, committed 35496K, reserved 1081344K
  class space    used 4455K, capacity 4604K, committed 4608K, reserved 1048576K
}
Event: 6.682 GC heap before
{Heap before GC invocations=10 (full 2):
 PSYoungGen      total 77824K, used 13749K [0x00000000eaf00000, 0x00000000f1780000, 0x0000000100000000)
  eden space 64000K, 0% used [0x00000000eaf00000,0x00000000eaf00000,0x00000000eed80000)
  from space 13824K, 99% used [0x00000000f0a00000,0x00000000f176d790,0x00000000f1780000)
  to   space 8192K, 0% used [0x00000000eed80000,0x00000000eed80000,0x00000000ef580000)
 ParOldGen       total 43008K, used 20553K [0x00000000c0c00000, 0x00000000c3600000, 0x00000000eaf00000)
  object space 43008K, 47% used [0x00000000c0c00000,0x00000000c2012528,0x00000000c3600000)
 Metaspace       used 34910K, capacity 35416K, committed 35496K, reserved 1081344K
  class space    used 4455K, capacity 4604K, committed 4608K, reserved 1048576K
Event: 6.849 GC heap after
Heap after GC invocations=10 (full 2):
 PSYoungGen      total 77824K, used 0K [0x00000000eaf00000, 0x00000000f1780000, 0x0000000100000000)
  eden space 64000K, 0% used [0x00000000eaf00000,0x00000000eaf00000,0x00000000eed80000)
  from space 13824K, 0% used [0x00000000f0a00000,0x00000000f0a00000,0x00000000f1780000)
  to   space 8192K, 0% used [0x00000000eed80000,0x00000000eed80000,0x00000000ef580000)
 ParOldGen       total 63488K, used 19394K [0x00000000c0c00000, 0x00000000c4a00000, 0x00000000eaf00000)
  object space 63488K, 30% used [0x00000000c0c00000,0x00000000c1ef0890,0x00000000c4a00000)
 Metaspace       used 34910K, capacity 35416K, committed 35496K, reserved 1081344K
  class space    used 4455K, capacity 4604K, committed 4608K, reserved 1048576K
}
Event: 7.244 GC heap before
{Heap before GC invocations=11 (full 2):
 PSYoungGen      total 77824K, used 11537K [0x00000000eaf00000, 0x00000000f1780000, 0x0000000100000000)
  eden space 64000K, 18% used [0x00000000eaf00000,0x00000000eba446f0,0x00000000eed80000)
  from space 13824K, 0% used [0x00000000f0a00000,0x00000000f0a00000,0x00000000f1780000)
  to   space 8192K, 0% used [0x00000000eed80000,0x00000000eed80000,0x00000000ef580000)
 ParOldGen       total 63488K, used 19394K [0x00000000c0c00000, 0x00000000c4a00000, 0x00000000eaf00000)
  object space 63488K, 30% used [0x00000000c0c00000,0x00000000c1ef0890,0x00000000c4a00000)
 Metaspace       used 36385K, capacity 36892K, committed 37032K, reserved 1085440K
  class space    used 4634K, capacity 4798K, committed 4864K, reserved 1048576K
Event: 7.254 GC heap after
Heap after GC invocations=11 (full 2):
 PSYoungGen      total 72192K, used 2842K [0x00000000eaf00000, 0x00000000f1780000, 0x0000000100000000)
  eden space 64000K, 0% used [0x00000000eaf00000,0x00000000eaf00000,0x00000000eed80000)
  from space 8192K, 34% used [0x00000000eed80000,0x00000000ef0469c0,0x00000000ef580000)
  to   space 13824K, 0% used [0x00000000f0a00000,0x00000000f0a00000,0x00000000f1780000)
 ParOldGen       total 63488K, used 19402K [0x00000000c0c00000, 0x00000000c4a00000, 0x00000000eaf00000)
  object space 63488K, 30% used [0x00000000c0c00000,0x00000000c1ef2890,0x00000000c4a00000)
 Metaspace       used 36385K, capacity 36892K, committed 37032K, reserved 1085440K
  class space    used 4634K, capacity 4798K, committed 4864K, reserved 1048576K
}
Event: 7.254 GC heap before
{Heap before GC invocations=12 (full 3):
 PSYoungGen      total 72192K, used 2842K [0x00000000eaf00000, 0x00000000f1780000, 0x0000000100000000)
  eden space 64000K, 0% used [0x00000000eaf00000,0x00000000eaf00000,0x00000000eed80000)
  from space 8192K, 34% used [0x00000000eed80000,0x00000000ef0469c0,0x00000000ef580000)
  to   space 13824K, 0% used [0x00000000f0a00000,0x00000000f0a00000,0x00000000f1780000)
 ParOldGen       total 63488K, used 19402K [0x00000000c0c00000, 0x00000000c4a00000, 0x00000000eaf00000)
  object space 63488K, 30% used [0x00000000c0c00000,0x00000000c1ef2890,0x00000000c4a00000)
 Metaspace       used 36385K, capacity 36892K, committed 37032K, reserved 1085440K
  class space    used 4634K, capacity 4798K, committed 4864K, reserved 1048576K
Event: 7.486 GC heap after
Heap after GC invocations=12 (full 3):
 PSYoungGen      total 72192K, used 0K [0x00000000eaf00000, 0x00000000f1780000, 0x0000000100000000)
  eden space 64000K, 0% used [0x00000000eaf00000,0x00000000eaf00000,0x00000000eed80000)
  from space 8192K, 0% used [0x00000000eed80000,0x00000000eed80000,0x00000000ef580000)
  to   space 13824K, 0% used [0x00000000f0a00000,0x00000000f0a00000,0x00000000f1780000)
 ParOldGen       total 63488K, used 18484K [0x00000000c0c00000, 0x00000000c4a00000, 0x00000000eaf00000)
  object space 63488K, 29% used [0x00000000c0c00000,0x00000000c1e0d020,0x00000000c4a00000)
 Metaspace       used 36385K, capacity 36892K, committed 37032K, reserved 1083392K
  class space    used 4634K, capacity 4798K, committed 4864K, reserved 1048576K
}

Deoptimization events (10 events):
Event: 6.325 Thread 0x0000000002131000 Uncommon trap: reason=unstable_if action=reinterpret pc=0x0000000002fb52e4 method=org.jetbrains.kotlin.parsing.SemanticWhitespaceAwarePsiBuilderImpl.getJoinedTokenType(Lorg/jetbrains/kotlin/com/intellij/psi/tree/IElementType;I)Lorg/jetbrains/kotlin/com/in
Event: 6.856 Thread 0x0000000002131000 Uncommon trap: reason=class_check action=maybe_recompile pc=0x0000000002cce8e8 method=java.util.AbstractList.hashCode()I @ 3
Event: 6.896 Thread 0x0000000002131000 Uncommon trap: reason=class_check action=maybe_recompile pc=0x0000000002cce8e8 method=java.util.AbstractList.hashCode()I @ 3
Event: 7.055 Thread 0x0000000002131000 Uncommon trap: reason=unstable_if action=reinterpret pc=0x000000000304c5d0 method=java.text.StringCharacterIterator.current()C @ 19
Event: 7.171 Thread 0x0000000002131000 Uncommon trap: reason=unstable_if action=reinterpret pc=0x000000000305d4f4 method=org.jetbrains.org.objectweb.asm.ClassReader.readUtf(II[C)Ljava/lang/String; @ 41
Event: 7.608 Thread 0x0000000002131000 Uncommon trap: reason=class_check action=maybe_recompile pc=0x000000000308e598 method=org.jetbrains.kotlin.com.intellij.openapi.util.text.StringUtilRt.lastIndexOf(Ljava/lang/CharSequence;CII)I @ 17
Event: 7.608 Thread 0x0000000002131000 Uncommon trap: reason=class_check action=maybe_recompile pc=0x000000000308e598 method=org.jetbrains.kotlin.com.intellij.openapi.util.text.StringUtilRt.lastIndexOf(Ljava/lang/CharSequence;CII)I @ 17
Event: 7.608 Thread 0x0000000002131000 Uncommon trap: reason=class_check action=maybe_recompile pc=0x000000000308e598 method=org.jetbrains.kotlin.com.intellij.openapi.util.text.StringUtilRt.lastIndexOf(Ljava/lang/CharSequence;CII)I @ 17
Event: 7.609 Thread 0x0000000002131000 Uncommon trap: reason=class_check action=maybe_recompile pc=0x000000000308e598 method=org.jetbrains.kotlin.com.intellij.openapi.util.text.StringUtilRt.lastIndexOf(Ljava/lang/CharSequence;CII)I @ 17
Event: 7.669 Thread 0x0000000002131000 Uncommon trap: reason=unstable_if action=reinterpret pc=0x0000000002d2e378 method=org.jetbrains.kotlin.protobuf.CodedInputStream.readRawVarint32()I @ 10

Classes redefined (0 events):
No events

Internal exceptions (10 events):
Event: 1.378 Thread 0x0000000002131000 Exception <a 'java/lang/NoSuchMethodError': java.lang.Object.lambda$comparing$77a9974f$1(Ljava/util/function/Function;Ljava/lang/Object;Ljava/lang/Object;)I> (0x00000000ebe0d6a0) thrown at [D:\src\AOSP-openjdk-cygwin\jdk8u\hotspot\src\share\vm\interpreter
Event: 1.402 Thread 0x0000000002131000 Exception <a 'java/lang/NoSuchMethodError': java.lang.Object.lambda$static$0()J> (0x00000000eaf08b60) thrown at [D:\src\AOSP-openjdk-cygwin\jdk8u\hotspot\src\share\vm\interpreter\linkResolver.cpp, line 620]
Event: 1.558 Thread 0x0000000002131000 Exception <a 'java/lang/NoSuchMethodError': java.lang.Object.lambda$static$0(I)[Lorg/jetbrains/kotlin/com/intellij/openapi/editor/event/DocumentListener;> (0x00000000eb671ed8) thrown at [D:\src\AOSP-openjdk-cygwin\jdk8u\hotspot\src\share\vm\interpreter\li
Event: 1.591 Thread 0x0000000002131000 Exception <a 'java/lang/NoSuchMethodError': java.lang.Object.lambda$static$0(I)[Lorg/jetbrains/kotlin/com/intellij/psi/PsiAnnotation;> (0x00000000eb8ab6e0) thrown at [D:\src\AOSP-openjdk-cygwin\jdk8u\hotspot\src\share\vm\interpreter\linkResolver.cpp, line
Event: 1.675 Thread 0x0000000002131000 Exception <a 'java/lang/NoSuchMethodError': java.lang.Object.lambda$static$0(I)[Lorg/jetbrains/kotlin/com/intellij/psi/PsiElement;> (0x00000000ebda7418) thrown at [D:\src\AOSP-openjdk-cygwin\jdk8u\hotspot\src\share\vm\interpreter\linkResolver.cpp, line 62
Event: 3.415 Thread 0x0000000002131000 Exception <a 'java/lang/ArrayIndexOutOfBoundsException': 126> (0x00000000ec15aee0) thrown at [D:\src\AOSP-openjdk-cygwin\jdk8u\hotspot\src\share\vm\interpreter\interpreterRuntime.cpp, line 368]
Event: 3.416 Thread 0x0000000002131000 Exception <a 'java/lang/ArrayIndexOutOfBoundsException': 86> (0x00000000ec15c368) thrown at [D:\src\AOSP-openjdk-cygwin\jdk8u\hotspot\src\share\vm\interpreter\interpreterRuntime.cpp, line 368]
Event: 6.154 Thread 0x0000000002131000 Exception <a 'java/lang/NoSuchMethodError': java.lang.Object.lambda$static$0(I)[Lorg/jetbrains/kotlin/psi/KtExpression;> (0x00000000ebbcda90) thrown at [D:\src\AOSP-openjdk-cygwin\jdk8u\hotspot\src\share\vm\interpreter\linkResolver.cpp, line 620]
Event: 6.552 Thread 0x0000000002131000 Exception <a 'java/lang/NoSuchMethodError': java.lang.Object.lambda$static$0(I)[Lorg/jetbrains/kotlin/psi/KtDeclaration;> (0x00000000ebffaf78) thrown at [D:\src\AOSP-openjdk-cygwin\jdk8u\hotspot\src\share\vm\interpreter\linkResolver.cpp, line 620]
Event: 6.606 Thread 0x0000000002131000 Exception <a 'java/lang/NoSuchMethodError': java.lang.Object.lambda$static$0(I)[Lorg/jetbrains/kotlin/psi/KtTypeElement;> (0x00000000ec148668) thrown at [D:\src\AOSP-openjdk-cygwin\jdk8u\hotspot\src\share\vm\interpreter\linkResolver.cpp, line 620]

Events (10 events):
Event: 7.610 loading class org/jetbrains/kotlin/resolve/AllUnderImportScope done
Event: 7.612 loading class org/jetbrains/kotlin/resolve/AllUnderImportScope$getContributedClassifier$1
Event: 7.612 loading class org/jetbrains/kotlin/resolve/AllUnderImportScope$getContributedClassifier$1 done
Event: 7.624 Executing VM operation: CollectForMetadataAllocation
Event: 7.624 Executing VM operation: CollectForMetadataAllocation done
Event: 7.647 Thread 0x0000000002131000 DEOPT PACKING pc=0x0000000002caf2ec sp=0x00000000024bae50
Event: 7.647 Thread 0x0000000002131000 DEOPT UNPACKING pc=0x00000000027d75d0 sp=0x00000000024bad08 mode 0
Event: 7.669 Thread 0x0000000002131000 Uncommon trap: trap_request=0xffffff65 fr.pc=0x0000000002d2e378
Event: 7.669 Thread 0x0000000002131000 DEOPT PACKING pc=0x0000000002d2e378 sp=0x00000000024bb420
Event: 7.669 Thread 0x0000000002131000 DEOPT UNPACKING pc=0x00000000027d557b sp=0x00000000024bb3a8 mode 2


Dynamic libraries:
0x000000013f340000 - 0x000000013f371000 	C:\Program Files\Android\Android Studio\jre\jre\bin\java.exe
0x0000000077500000 - 0x00000000776aa000 	C:\Windows\SYSTEM32\ntdll.dll
0x00000000773e0000 - 0x00000000774ff000 	C:\Windows\system32\kernel32.dll
0x000007fefd290000 - 0x000007fefd2fa000 	C:\Windows\system32\KERNELBASE.dll
0x000007fefee00000 - 0x000007fefeedb000 	C:\Windows\system32\ADVAPI32.dll
0x000007fefdc10000 - 0x000007fefdcaf000 	C:\Windows\system32\msvcrt.dll
0x000007feff500000 - 0x000007feff51f000 	C:\Windows\SYSTEM32\sechost.dll
0x000007feff540000 - 0x000007feff66d000 	C:\Windows\system32\RPCRT4.dll
0x00000000772e0000 - 0x00000000773da000 	C:\Windows\system32\USER32.dll
0x000007fefed90000 - 0x000007fefedf7000 	C:\Windows\system32\GDI32.dll
0x000007feff670000 - 0x000007feff67e000 	C:\Windows\system32\LPK.dll
0x000007fefec90000 - 0x000007fefed5b000 	C:\Windows\system32\USP10.dll
0x000007fef9fd0000 - 0x000007fefa1c4000 	C:\Windows\WinSxS\amd64_microsoft.windows.common-controls_6595b64144ccf1df_6.0.7601.18837_none_fa3b1e3d17594757\COMCTL32.dll
0x000007fefd5b0000 - 0x000007fefd621000 	C:\Windows\system32\SHLWAPI.dll
0x000007fefed60000 - 0x000007fefed8e000 	C:\Windows\system32\IMM32.DLL
0x000007fefd790000 - 0x000007fefd899000 	C:\Windows\system32\MSCTF.dll
0x0000000078860000 - 0x0000000078932000 	C:\Program Files\Android\Android Studio\jre\jre\bin\msvcr100.dll
0x0000000058170000 - 0x00000000589b6000 	C:\Program Files\Android\Android Studio\jre\jre\bin\server\jvm.dll
0x000007fee37d0000 - 0x000007fee37d9000 	C:\Windows\system32\WSOCK32.dll
0x000007fefdcb0000 - 0x000007fefdcfd000 	C:\Windows\system32\WS2_32.dll
0x000007feff490000 - 0x000007feff498000 	C:\Windows\system32\NSI.dll
0x000007fef84c0000 - 0x000007fef84fb000 	C:\Windows\system32\WINMM.dll
0x000007fefbd20000 - 0x000007fefbd2c000 	C:\Windows\system32\VERSION.dll
0x00000000776d0000 - 0x00000000776d7000 	C:\Windows\system32\PSAPI.DLL
0x000007fee86f0000 - 0x000007fee86ff000 	C:\Program Files\Android\Android Studio\jre\jre\bin\verify.dll
0x000007fee1e70000 - 0x000007fee1e99000 	C:\Program Files\Android\Android Studio\jre\jre\bin\java.dll
0x000007fee1eb0000 - 0x000007fee1ec6000 	C:\Program Files\Android\Android Studio\jre\jre\bin\zip.dll
0x000007fefdf00000 - 0x000007fefec8a000 	C:\Windows\system32\SHELL32.dll
0x000007fefdd00000 - 0x000007fefdefc000 	C:\Windows\system32\ole32.dll
0x000007fefd1f0000 - 0x000007fefd1ff000 	C:\Windows\system32\profapi.dll
0x000007fee1e50000 - 0x000007fee1e6a000 	C:\Program Files\Android\Android Studio\jre\jre\bin\net.dll
0x000007fefc910000 - 0x000007fefc965000 	C:\Windows\system32\mswsock.dll
0x000007fefca10000 - 0x000007fefca17000 	C:\Windows\System32\wship6.dll
0x000007fee1e30000 - 0x000007fee1e41000 	C:\Program Files\Android\Android Studio\jre\jre\bin\nio.dll

VM Arguments:
java_command: org.jetbrains.kotlin.cli.jvm.K2JVMCompiler -Xallow-no-source-files -classpath C:\Users\pasha\.gradle\caches\transforms-2\files-2.1\8a4abbfe5bec78d62c37a6cede61e994\multidex-2.0.0\jars\classes.jar;C:\Users\pasha\.gradle\caches\modules-2\files-2.1\org.jetbrains.kotlin\kotlin-android-extensions-runtime\1.3.50\bec16087637a7cafe54894e73d38037977cb30d2\kotlin-android-extensions-runtime-1.3.50.jar;C:\Users\pasha\.gradle\caches\modules-2\files-2.1\org.jetbrains.kotlin\kotlin-stdlib-jdk7\1.3.50\50ad05ea1c2595fb31b800e76db464d08d599af3\kotlin-stdlib-jdk7-1.3.50.jar;C:\Users\pasha\.gradle\caches\transforms-2\files-2.1\15da4f0d8be00eb838db97efb60f511b\core-ktx-1.0.2\jars\classes.jar;C:\Users\pasha\.gradle\caches\transforms-2\files-2.1\b95e19198ec5e9a9941d10f5f8dc5ba1\navigation-fragment-ktx-2.1.0\jars\classes.jar;C:\Users\pasha\.gradle\caches\transforms-2\files-2.1\117f09154cb4145cabf1fa69ff882720\fragment-ktx-1.1.0\jars\classes.jar;C:\Users\pasha\.gradle\caches\transforms-2\files-2.1\b5571d3c30889d6b395307f56cf9fc64\activity-ktx-1.0.0\jars\classes.jar;C:\Users\pasha\.gradle\caches\transforms-2\files-2.1\fe4d0f12e3fd2446f7e38467b43752a2\lifecycle-viewmodel-ktx-2.1.0\jars\classes.jar;C:\Users\pasha\.gradle\caches\transforms-2\files-2.1\0f9ff6919c47eb2bcbca72df180ae5af\jetified-kotlinx-coroutines-android-1.3.2.jar;C:\Users\pasha\.gradle\caches\modules-2\files-2.1\org.jetbrains.kotlinx\kotlinx-coroutines-play-services\1.3.2\5be24f61959fac8c71e9d28ab23b4f35474c38cd\kotlinx-coroutines-play-services-1.3.2.jar;C:\Users\pasha\.gradle\caches\modules-2\files-2.1\org.jetbrains.kotlinx\kotlinx-coroutines-core\1.3.2\c14f0ab931be503b44a600693df8b3f67b0af0f3\kotlinx-coroutines-core-1.3.2.jar;C:\Users\pasha\.gradle\caches\transforms-2\files-2.1\3b7e73e7e84741356ef59ee2c072ce62\navigation-ui-ktx-2.1.0\jars\classes.jar;C:\Users\pasha\.gradle\caches\transforms-2\files-2.1\ab1901be561d4e9de3b64337c9207d7e\navigation-runtime-ktx-2.1.0\jars\classes.jar;C:\Users\pasha\.gradle\caches\t
java_class_path (initial): C:\Users\pasha\.gradle\caches\modules-2\files-2.1\org.jetbrains.kotlin\kotlin-compiler-embeddable\1.3.50\1251c1768e5769b06c2487d6f6cf8acf6efb8960\kotlin-compiler-embeddable-1.3.50.jar;C:\Users\pasha\.gradle\caches\modules-2\files-2.1\org.jetbrains.kotlin\kotlin-reflect\1.3.50\b499f22fd7c3e9c2e5b6c4005221fa47fc7f9a7a\kotlin-reflect-1.3.50.jar;C:\Users\pasha\.gradle\caches\modules-2\files-2.1\org.jetbrains.kotlin\kotlin-stdlib\1.3.50\b529d1738c7e98bbfa36a4134039528f2ce78ebf\kotlin-stdlib-1.3.50.jar;C:\Users\pasha\.gradle\caches\modules-2\files-2.1\org.jetbrains.kotlin\kotlin-script-runtime\1.3.50\59492b8dfb92522ba0ddb5dd1c4d0ef0a4fca1af\kotlin-script-runtime-1.3.50.jar;C:\Users\pasha\.gradle\caches\modules-2\files-2.1\org.jetbrains.kotlin\kotlin-daemon-embeddable\1.3.50\5cb93bb33f4c6f833ead0beca4c831668e00cf52\kotlin-daemon-embeddable-1.3.50.jar;C:\Users\pasha\.gradle\caches\modules-2\files-2.1\org.jetbrains.intellij.deps\trove4j\1.0.20181211\216c2e14b070f334479d800987affe4054cd563f\trove4j-1.0.20181211.jar;C:\Users\pasha\.gradle\caches\modules-2\files-2.1\org.jetbrains.kotlin\kotlin-stdlib-common\1.3.50\3d9cd3e1bc7b92e95f43d45be3bfbcf38e36ab87\kotlin-stdlib-common-1.3.50.jar;C:\Users\pasha\.gradle\caches\modules-2\files-2.1\org.jetbrains\annotations\13.0\919f0dfe192fb4e063e7dacadee7f8bb9a2672a9\annotations-13.0.jar;C:\Program Files\Android\Android Studio\jre\lib\tools.jar
Launcher Type: SUN_STANDARD

Environment Variables:
JAVA_HOME=C:\Program Files\Java\jdk1.8.0_131
PATH=C:\ProgramData\Oracle\Java\javapath;C:\Program Files\Common Files\Microsoft Shared\Windows Live;C:\Program Files (x86)\Common Files\Microsoft Shared\Windows Live;C:\Program Files (x86)\AMD APP\bin\x86_64;C:\Program Files (x86)\AMD APP\bin\x86;C:\Program Files (x86)\Intel\iCLS Client\;C:\Program Files\Intel\iCLS Client\;C:\Windows\system32;C:\Windows;C:\Windows\System32\Wbem;C:\Windows\System32\WindowsPowerShell\v1.0\;C:\Program Files\Intel\Intel(R) Management Engine Components\DAL;C:\Program Files\Intel\Intel(R) Management Engine Components\IPT;C:\Program Files (x86)\Intel\Intel(R) Management Engine Components\DAL;C:\Program Files (x86)\Intel\Intel(R) Management Engine Components\IPT;C:\Program Files (x86)\ATI Technologies\ATI.ACE\Core-Static;C:\Program Files\Microsoft SQL Server\110\Tools\Binn\;C:\Program Files (x86)\Windows Kits\8.1\Windows Performance Toolkit\;C:\Program Files\Microsoft\Web Platform Installer\;C:\Program Files (x86)\GtkSharp\2.12\bin;C:\Program Files (x86)\Windows Live\Shared;C:\android_sdk\platform-tools;S:\Program Files\Git\cmd;S:\Ruby24-x64\bin;S:\Program Files\nodejs\;C:\Program Files (x86)\Skype\Phone\;S:\Program Files\PuTTY\;S:\Program Files\Microsoft VS Code\bin;S:\Program Files (x86)\Python\Scripts\;S:\Program Files (x86)\Python\;S:\Program Files (x86)\Fiddler;C:\Users\pasha\AppData\Roaming\npm;S:\Program Files\Microsoft VS Code\bin;S:\Program Files\Heroku\bin;S:\Program Files\curl\bin;S:\Program Files\ruby\bin;C:\Users\pasha\.gradle\wrapper\dists\gradle-4.4-all\9br9xq1tocpiv8o6njlyu5op1\gradle-4.4\bin;
USERNAME=pasha
OS=Windows_NT
PROCESSOR_IDENTIFIER=Intel64 Family 6 Model 58 Stepping 9, GenuineIntel



---------------  S Y S T E M  ---------------

OS: Windows 7 , 64 bit Build 7601 (6.1.7601.23915)

CPU:total 4 (initial active 4) (2 cores per cpu, 2 threads per core) family 6 model 58 stepping 9, cmov, cx8, fxsr, mmx, sse, sse2, sse3, ssse3, sse4.1, sse4.2, popcnt, avx, aes, clmul, erms, ht, tsc, tscinvbit, tscinv

Memory: 4k page, physical 4143472k(15992k free), swap 12530220k(4596k free)

vm_info: OpenJDK 64-Bit Server VM (25.202-b03) for windows-amd64 JRE (1.8.0_202-release-1483-b03), built by "builder" with MS VC++ 10.0 (VS2010)

time: Fri Nov 08 01:41:31 2019
timezone: RTZ 2 (зима)
elapsed time: 7 seconds (0d 0h 0m 7s)

