#
# There is insufficient memory for the Java Runtime Environment to continue.
# Native memory allocation (malloc) failed to allocate 883056 bytes for Chunk::new
# Possible reasons:
#   The system is out of physical RAM or swap space
#   The process is running with CompressedOops enabled, and the Java Heap may be blocking the growth of the native heap
# Possible solutions:
#   Reduce memory load on the system
#   Increase physical memory or swap space
#   Check if swap backing store is full
#   Decrease Java heap size (-Xmx/-Xms)
#   Decrease number of Java threads
#   Decrease Java thread stack sizes (-Xss)
#   Set larger code cache with -XX:ReservedCodeCacheSize=
#   JVM is running with Unscaled Compressed Oops mode in which the Java heap is
#     placed in the first 4GB address space. The Java Heap base address is the
#     maximum limit for the native heap growth. Please use -XX:HeapBaseMinAddress
#     to set the Java Heap base and to place the Java Heap above 4GB virtual address.
# This output file may be truncated or incomplete.
#
#  Out of Memory Error (allocation.cpp:389), pid=12276, tid=0x0000000000000468
#
# JRE version: OpenJDK Runtime Environment (8.0_202-b03) (build 1.8.0_202-release-1483-b03)
# Java VM: OpenJDK 64-Bit Server VM (25.202-b03 mixed mode windows-amd64 compressed oops)
# Failed to write core dump. Minidumps are not enabled by default on client versions of Windows
#

---------------  T H R E A D  ---------------

Current thread (0x000000005642c800):  JavaThread "C2 CompilerThread0" daemon [_thread_in_native, id=1128, stack(0x0000000057fc0000,0x00000000580c0000)]

Stack: [0x0000000057fc0000,0x00000000580c0000]
[error occurred during error reporting (printing stack bounds), id 0xc0000005]

Native frames: (J=compiled Java code, j=interpreted, Vv=VM code, C=native code)


Current CompileTask:
C2:  27350 6353 %     4       org.gradle.internal.instantiation.AbstractClassGenerator::inspectType @ 250 (559 bytes)


---------------  P R O C E S S  ---------------

Java Threads: ( => current thread )
  0x000000005a755000 JavaThread "Cache worker for file content cache (C:\android_studio_projects\itmotest\.gradle\5.4.1\fileContent)" [_thread_blocked, id=5292, stack(0x0000000063130000,0x0000000063230000)]
  0x000000005a754000 JavaThread "Cache worker for file content cache (C:\Users\pasha\.gradle\caches\5.4.1\fileContent)" [_thread_blocked, id=10772, stack(0x0000000063620000,0x0000000063720000)]
  0x000000005a3d9800 JavaThread "Memory manager" [_thread_blocked, id=10552, stack(0x0000000063240000,0x0000000063340000)]
  0x000000005a3d8000 JavaThread "Cache worker for Build Output Cleanup Cache (C:\android_studio_projects\itmotest\.gradle\buildOutputCleanup)" [_thread_blocked, id=12116, stack(0x0000000062410000,0x0000000062510000)]
  0x000000005a3d7000 JavaThread "pool-1-thread-1" [_thread_blocked, id=10468, stack(0x00000000619c0000,0x0000000061ac0000)]
  0x000000005a3d5800 JavaThread "Build operations Thread 4" [_thread_blocked, id=3008, stack(0x0000000061c90000,0x0000000061d90000)]
  0x000000005a3d5000 JavaThread "Build operations Thread 3" [_thread_blocked, id=11600, stack(0x0000000061b10000,0x0000000061c10000)]
  0x000000005a3d4000 JavaThread "Build operations Thread 2" [_thread_blocked, id=1496, stack(0x00000000618b0000,0x00000000619b0000)]
  0x000000005a3d3800 JavaThread "Build operations" [_thread_blocked, id=1384, stack(0x000000005a7b0000,0x000000005a8b0000)]
  0x000000005a3d2800 JavaThread "Cache worker for execution history cache (C:\Users\pasha\.gradle\caches\5.4.1\executionHistory)" [_thread_blocked, id=6264, stack(0x000000005be80000,0x000000005bf80000)]
  0x000000005a3d2000 JavaThread "Cache worker for cache directory md-rule (C:\Users\pasha\.gradle\caches\5.4.1\md-rule)" [_thread_blocked, id=9288, stack(0x0000000061530000,0x0000000061630000)]
  0x000000005a3d1000 JavaThread "Cache worker for cache directory md-supplier (C:\Users\pasha\.gradle\caches\5.4.1\md-supplier)" [_thread_blocked, id=7016, stack(0x0000000060af0000,0x0000000060bf0000)]
  0x000000005a3cc800 JavaThread "Cache worker for file hash cache (C:\android_studio_projects\itmotest\.gradle\5.4.1\fileHashes)" [_thread_blocked, id=7120, stack(0x000000005f9e0000,0x000000005fae0000)]
  0x000000005a3cc000 JavaThread "Cache worker for journal cache (C:\Users\pasha\.gradle\caches\journal-1)" [_thread_blocked, id=10780, stack(0x000000005c0d0000,0x000000005c1d0000)]
  0x000000005a3cb000 JavaThread "File lock request listener" [_thread_in_native, id=11992, stack(0x000000005bf80000,0x000000005c080000)]
  0x000000005a3ca800 JavaThread "Cache worker for file hash cache (C:\Users\pasha\.gradle\caches\5.4.1\fileHashes)" [_thread_blocked, id=11100, stack(0x000000005bd60000,0x000000005be60000)]
  0x0000000059f7b800 JavaThread "Thread-9" [_thread_blocked, id=11232, stack(0x000000005afa0000,0x000000005b0a0000)]
  0x0000000059f9e000 JavaThread "Stdin handler" [_thread_blocked, id=4260, stack(0x000000005bb90000,0x000000005bc90000)]
  0x0000000059f9c800 JavaThread "Asynchronous log dispatcher for DefaultDaemonConnection: socket connection from /127.0.0.1:10782 to /127.0.0.1:10783" [_thread_blocked, id=8020, stack(0x000000005b940000,0x000000005ba40000)]
  0x0000000059f80000 JavaThread "Daemon worker" [_thread_in_Java, id=8884, stack(0x000000005b790000,0x000000005b890000)]
  0x0000000059f9f800 JavaThread "Cancel handler" [_thread_blocked, id=11024, stack(0x000000005b5d0000,0x000000005b6d0000)]
  0x0000000059f51800 JavaThread "Handler for socket connection from /127.0.0.1:10782 to /127.0.0.1:10783" [_thread_in_native, id=8444, stack(0x000000005b1f0000,0x000000005b2f0000)]
  0x0000000059d51000 JavaThread "Daemon" [_thread_blocked, id=10704, stack(0x000000005b0e0000,0x000000005b1e0000)]
  0x0000000059d4b800 JavaThread "Daemon periodic checks" [_thread_blocked, id=6440, stack(0x000000005ae80000,0x000000005af80000)]
  0x0000000059d48800 JavaThread "Incoming local TCP Connector on port 10782" [_thread_in_native, id=11204, stack(0x000000005abd0000,0x000000005acd0000)]
  0x000000005a28c800 JavaThread "Daemon health stats" [_thread_blocked, id=7596, stack(0x000000005a8b0000,0x000000005a9b0000)]
  0x00000000578ac000 JavaThread "Service Thread" daemon [_thread_blocked, id=4980, stack(0x0000000058d50000,0x0000000058e50000)]
  0x0000000057839800 JavaThread "C1 CompilerThread2" daemon [_thread_blocked, id=7840, stack(0x0000000058c20000,0x0000000058d20000)]
  0x0000000057839000 JavaThread "C2 CompilerThread1" daemon [_thread_blocked, id=9880, stack(0x0000000058a20000,0x0000000058b20000)]
=>0x000000005642c800 JavaThread "C2 CompilerThread0" daemon [_thread_in_native, id=1128, stack(0x0000000057fc0000,0x00000000580c0000)]
  0x000000005782b800 JavaThread "Attach Listener" daemon [_thread_blocked, id=4544, stack(0x0000000057e40000,0x0000000057f40000)]
  0x0000000057828800 JavaThread "Signal Dispatcher" daemon [_thread_blocked, id=7652, stack(0x0000000057c90000,0x0000000057d90000)]
  0x0000000056409000 JavaThread "Finalizer" daemon [_thread_blocked, id=12264, stack(0x0000000057720000,0x0000000057820000)]
  0x0000000056402000 JavaThread "Reference Handler" daemon [_thread_blocked, id=12260, stack(0x00000000575e0000,0x00000000576e0000)]
  0x000000000226f000 JavaThread "main" [_thread_blocked, id=11476, stack(0x0000000002500000,0x0000000002600000)]

Other Threads:
  0x00000000563ba800 VMThread [stack: 0x00000000574b0000,0x00000000575b0000] [id=4600]
  0x00000000578af800 WatcherThread [stack: 0x0000000058ee0000,0x0000000058fe0000] [id=11852]

VM state:not at safepoint (normal execution)

VM Mutex/Monitor currently owned by a thread: None

heap address: 0x00000000a0000000, size: 1536 MB, Compressed Oops mode: 32-bit
Narrow klass base: 0x0000000000000000, Narrow klass shift: 0
Compressed class space size: 1073741824 Address: 0x0000000015a30000

Heap:
 PSYoungGen      total 173056K, used 54118K [0x00000000e0000000, 0x00000000edc80000, 0x0000000100000000)
  eden space 155648K, 34% used [0x00000000e0000000,0x00000000e34d9b00,0x00000000e9800000)
  from space 17408K, 0% used [0x00000000e9800000,0x00000000e9800000,0x00000000ea900000)
  to   space 17920K, 0% used [0x00000000ecb00000,0x00000000ecb00000,0x00000000edc80000)
 ParOldGen       total 94720K, used 34257K [0x00000000a0000000, 0x00000000a5c80000, 0x00000000e0000000)
  object space 94720K, 36% used [0x00000000a0000000,0x00000000a21745f0,0x00000000a5c80000)
 Metaspace       used 59986K, capacity 61790K, committed 62080K, reserved 1103872K
  class space    used 8097K, capacity 8521K, committed 8576K, reserved 1048576K

Card table byte_map: [0x0000000011c90000,0x0000000011fa0000] byte_map_base: 0x0000000011790000

Marking Bits: (ParMarkBitMap*) 0x0000000058939f30
 Begin Bits: [0x0000000012730000, 0x0000000013f30000)
 End Bits:   [0x0000000013f30000, 0x0000000015730000)

Polling page: 0x0000000000430000

CodeCache: size=245760Kb used=18814Kb max_used=18814Kb free=226945Kb
 bounds [0x00000000028d0000, 0x0000000003b50000, 0x00000000118d0000]
 total_blobs=6553 nmethods=5749 adapters=715
 compilation: enabled

Compilation events (10 events):
Event: 27.287 Thread 0x0000000057839800 6435       3       org.gradle.internal.reflect.PropertyExtractor::filterOverridingAnnotations (15 bytes)
Event: 27.287 Thread 0x0000000057839800 nmethod 6435 0x0000000003b3ea50 code [0x0000000003b3ec20, 0x0000000003b3f348]
Event: 27.287 Thread 0x0000000057839800 6436       3       org.gradle.internal.reflect.PropertyExtractor$2::<init> (20 bytes)
Event: 27.287 Thread 0x0000000057839800 nmethod 6436 0x0000000003b33910 code [0x0000000003b33a60, 0x0000000003b33c50]
Event: 27.287 Thread 0x0000000057839800 6437       3       org.gradle.internal.reflect.PropertyExtractor::access$400 (12 bytes)
Event: 27.288 Thread 0x0000000057839800 nmethod 6437 0x0000000003b33550 code [0x0000000003b336c0, 0x0000000003b33828]
Event: 27.295 Thread 0x0000000057839800 6440       3       com.google.common.collect.ImmutableCollection::<init> (5 bytes)
Event: 27.295 Thread 0x0000000057839800 nmethod 6440 0x0000000003b3f790 code [0x0000000003b3f900, 0x0000000003b3fb10]
Event: 27.319 Thread 0x0000000057839800 6441       3       org.gradle.api.internal.artifacts.transform.DefaultTransformationDependency::equals (57 bytes)
Event: 27.320 Thread 0x0000000057839800 nmethod 6441 0x0000000003b3fc10 code [0x0000000003b3fda0, 0x0000000003b403b8]

GC Heap History (10 events):
Event: 7.846 GC heap before
{Heap before GC invocations=12 (full 2):
 PSYoungGen      total 139264K, used 9648K [0x00000000e0000000, 0x00000000ebd00000, 0x0000000100000000)
  eden space 126976K, 0% used [0x00000000e0000000,0x00000000e0000000,0x00000000e7c00000)
  from space 12288K, 78% used [0x00000000e8900000,0x00000000e926c010,0x00000000e9500000)
  to   space 13312K, 0% used [0x00000000e7c00000,0x00000000e7c00000,0x00000000e8900000)
 ParOldGen       total 38912K, used 12629K [0x00000000a0000000, 0x00000000a2600000, 0x00000000e0000000)
  object space 38912K, 32% used [0x00000000a0000000,0x00000000a0c556c8,0x00000000a2600000)
 Metaspace       used 34681K, capacity 35418K, committed 35456K, reserved 1079296K
  class space    used 4771K, capacity 4986K, committed 4992K, reserved 1048576K
Event: 7.956 GC heap after
Heap after GC invocations=12 (full 2):
 PSYoungGen      total 139264K, used 0K [0x00000000e0000000, 0x00000000ebd00000, 0x0000000100000000)
  eden space 126976K, 0% used [0x00000000e0000000,0x00000000e0000000,0x00000000e7c00000)
  from space 12288K, 0% used [0x00000000e8900000,0x00000000e8900000,0x00000000e9500000)
  to   space 13312K, 0% used [0x00000000e7c00000,0x00000000e7c00000,0x00000000e8900000)
 ParOldGen       total 57856K, used 16686K [0x00000000a0000000, 0x00000000a3880000, 0x00000000e0000000)
  object space 57856K, 28% used [0x00000000a0000000,0x00000000a104bb08,0x00000000a3880000)
 Metaspace       used 34677K, capacity 35406K, committed 35456K, reserved 1079296K
  class space    used 4770K, capacity 4984K, committed 4992K, reserved 1048576K
}
Event: 12.100 GC heap before
{Heap before GC invocations=13 (full 2):
 PSYoungGen      total 139264K, used 126976K [0x00000000e0000000, 0x00000000ebd00000, 0x0000000100000000)
  eden space 126976K, 100% used [0x00000000e0000000,0x00000000e7c00000,0x00000000e7c00000)
  from space 12288K, 0% used [0x00000000e8900000,0x00000000e8900000,0x00000000e9500000)
  to   space 13312K, 0% used [0x00000000e7c00000,0x00000000e7c00000,0x00000000e8900000)
 ParOldGen       total 57856K, used 16686K [0x00000000a0000000, 0x00000000a3880000, 0x00000000e0000000)
  object space 57856K, 28% used [0x00000000a0000000,0x00000000a104bb08,0x00000000a3880000)
 Metaspace       used 46482K, capacity 47502K, committed 47744K, reserved 1091584K
  class space    used 6236K, capacity 6514K, committed 6528K, reserved 1048576K
Event: 12.126 GC heap after
Heap after GC invocations=13 (full 2):
 PSYoungGen      total 140288K, used 13308K [0x00000000e0000000, 0x00000000eba80000, 0x0000000100000000)
  eden space 126976K, 0% used [0x00000000e0000000,0x00000000e0000000,0x00000000e7c00000)
  from space 13312K, 99% used [0x00000000e7c00000,0x00000000e88ff028,0x00000000e8900000)
  to   space 16384K, 0% used [0x00000000eaa80000,0x00000000eaa80000,0x00000000eba80000)
 ParOldGen       total 57856K, used 19777K [0x00000000a0000000, 0x00000000a3880000, 0x00000000e0000000)
  object space 57856K, 34% used [0x00000000a0000000,0x00000000a1350538,0x00000000a3880000)
 Metaspace       used 46482K, capacity 47502K, committed 47744K, reserved 1091584K
  class space    used 6236K, capacity 6514K, committed 6528K, reserved 1048576K
}
Event: 19.885 GC heap before
{Heap before GC invocations=14 (full 2):
 PSYoungGen      total 140288K, used 140284K [0x00000000e0000000, 0x00000000eba80000, 0x0000000100000000)
  eden space 126976K, 100% used [0x00000000e0000000,0x00000000e7c00000,0x00000000e7c00000)
  from space 13312K, 99% used [0x00000000e7c00000,0x00000000e88ff028,0x00000000e8900000)
  to   space 16384K, 0% used [0x00000000eaa80000,0x00000000eaa80000,0x00000000eba80000)
 ParOldGen       total 57856K, used 19777K [0x00000000a0000000, 0x00000000a3880000, 0x00000000e0000000)
  object space 57856K, 34% used [0x00000000a0000000,0x00000000a1350538,0x00000000a3880000)
 Metaspace       used 54062K, capacity 55672K, committed 55936K, reserved 1097728K
  class space    used 7314K, capacity 7705K, committed 7808K, reserved 1048576K
Event: 19.943 GC heap after
Heap after GC invocations=14 (full 2):
 PSYoungGen      total 171520K, used 13391K [0x00000000e0000000, 0x00000000eba00000, 0x0000000100000000)
  eden space 155648K, 0% used [0x00000000e0000000,0x00000000e0000000,0x00000000e9800000)
  from space 15872K, 84% used [0x00000000eaa80000,0x00000000eb793d68,0x00000000eba00000)
  to   space 17408K, 0% used [0x00000000e9800000,0x00000000e9800000,0x00000000ea900000)
 ParOldGen       total 57856K, used 27223K [0x00000000a0000000, 0x00000000a3880000, 0x00000000e0000000)
  object space 57856K, 47% used [0x00000000a0000000,0x00000000a1a95dd0,0x00000000a3880000)
 Metaspace       used 54062K, capacity 55672K, committed 55936K, reserved 1097728K
  class space    used 7314K, capacity 7705K, committed 7808K, reserved 1048576K
}
Event: 23.040 GC heap before
{Heap before GC invocations=15 (full 2):
 PSYoungGen      total 171520K, used 57080K [0x00000000e0000000, 0x00000000eba00000, 0x0000000100000000)
  eden space 155648K, 28% used [0x00000000e0000000,0x00000000e2aaa640,0x00000000e9800000)
  from space 15872K, 84% used [0x00000000eaa80000,0x00000000eb793d68,0x00000000eba00000)
  to   space 17408K, 0% used [0x00000000e9800000,0x00000000e9800000,0x00000000ea900000)
 ParOldGen       total 57856K, used 27223K [0x00000000a0000000, 0x00000000a3880000, 0x00000000e0000000)
  object space 57856K, 47% used [0x00000000a0000000,0x00000000a1a95dd0,0x00000000a3880000)
 Metaspace       used 57502K, capacity 59032K, committed 59096K, reserved 1099776K
  class space    used 7779K, capacity 8184K, committed 8192K, reserved 1048576K
Event: 23.077 GC heap after
Heap after GC invocations=15 (full 2):
 PSYoungGen      total 173056K, used 11311K [0x00000000e0000000, 0x00000000edc80000, 0x0000000100000000)
  eden space 155648K, 0% used [0x00000000e0000000,0x00000000e0000000,0x00000000e9800000)
  from space 17408K, 64% used [0x00000000e9800000,0x00000000ea30bd00,0x00000000ea900000)
  to   space 17920K, 0% used [0x00000000ecb00000,0x00000000ecb00000,0x00000000edc80000)
 ParOldGen       total 57856K, used 27295K [0x00000000a0000000, 0x00000000a3880000, 0x00000000e0000000)
  object space 57856K, 47% used [0x00000000a0000000,0x00000000a1aa7de0,0x00000000a3880000)
 Metaspace       used 57502K, capacity 59032K, committed 59096K, reserved 1099776K
  class space    used 7779K, capacity 8184K, committed 8192K, reserved 1048576K
}
Event: 23.077 GC heap before
{Heap before GC invocations=16 (full 3):
 PSYoungGen      total 173056K, used 11311K [0x00000000e0000000, 0x00000000edc80000, 0x0000000100000000)
  eden space 155648K, 0% used [0x00000000e0000000,0x00000000e0000000,0x00000000e9800000)
  from space 17408K, 64% used [0x00000000e9800000,0x00000000ea30bd00,0x00000000ea900000)
  to   space 17920K, 0% used [0x00000000ecb00000,0x00000000ecb00000,0x00000000edc80000)
 ParOldGen       total 57856K, used 27295K [0x00000000a0000000, 0x00000000a3880000, 0x00000000e0000000)
  object space 57856K, 47% used [0x00000000a0000000,0x00000000a1aa7de0,0x00000000a3880000)
 Metaspace       used 57502K, capacity 59032K, committed 59096K, reserved 1099776K
  class space    used 7779K, capacity 8184K, committed 8192K, reserved 1048576K
Event: 24.053 GC heap after
Heap after GC invocations=16 (full 3):
 PSYoungGen      total 173056K, used 0K [0x00000000e0000000, 0x00000000edc80000, 0x0000000100000000)
  eden space 155648K, 0% used [0x00000000e0000000,0x00000000e0000000,0x00000000e9800000)
  from space 17408K, 0% used [0x00000000e9800000,0x00000000e9800000,0x00000000ea900000)
  to   space 17920K, 0% used [0x00000000ecb00000,0x00000000ecb00000,0x00000000edc80000)
 ParOldGen       total 94720K, used 34257K [0x00000000a0000000, 0x00000000a5c80000, 0x00000000e0000000)
  object space 94720K, 36% used [0x00000000a0000000,0x00000000a21745f0,0x00000000a5c80000)
 Metaspace       used 57502K, capacity 59032K, committed 59096K, reserved 1099776K
  class space    used 7779K, capacity 8184K, committed 8192K, reserved 1048576K
}

Deoptimization events (10 events):
Event: 25.121 Thread 0x0000000059f80000 Uncommon trap: reason=unstable_if action=reinterpret pc=0x0000000002b23e8c method=java.lang.CharacterDataLatin1.digit(II)I @ 82
Event: 26.300 Thread 0x0000000059f80000 Uncommon trap: reason=unstable_if action=reinterpret pc=0x0000000003987abc method=com.esotericsoftware.kryo.io.Input.readString()Ljava/lang/String; @ 38
Event: 26.601 Thread 0x0000000059f80000 Uncommon trap: reason=array_check action=maybe_recompile pc=0x0000000003a548e0 method=java.util.AbstractCollection.toArray([Ljava/lang/Object;)[Ljava/lang/Object; @ 119
Event: 26.601 Thread 0x0000000059f80000 Uncommon trap: reason=array_check action=maybe_recompile pc=0x0000000003a548e0 method=java.util.AbstractCollection.toArray([Ljava/lang/Object;)[Ljava/lang/Object; @ 119
Event: 26.601 Thread 0x0000000059f80000 Uncommon trap: reason=array_check action=maybe_recompile pc=0x0000000003a548e0 method=java.util.AbstractCollection.toArray([Ljava/lang/Object;)[Ljava/lang/Object; @ 119
Event: 26.601 Thread 0x0000000059f80000 Uncommon trap: reason=array_check action=maybe_recompile pc=0x0000000003a548e0 method=java.util.AbstractCollection.toArray([Ljava/lang/Object;)[Ljava/lang/Object; @ 119
Event: 26.629 Thread 0x0000000059f80000 Uncommon trap: reason=class_check action=maybe_recompile pc=0x0000000003a38f10 method=org.gradle.api.internal.attributes.DefaultImmutableAttributes.equals(Ljava/lang/Object;)Z @ 92
Event: 26.633 Thread 0x0000000059f80000 Uncommon trap: reason=class_check action=maybe_recompile pc=0x0000000003a38f10 method=org.gradle.api.internal.attributes.DefaultImmutableAttributes.equals(Ljava/lang/Object;)Z @ 92
Event: 26.634 Thread 0x0000000059f80000 Uncommon trap: reason=class_check action=maybe_recompile pc=0x0000000003a38f10 method=org.gradle.api.internal.attributes.DefaultImmutableAttributes.equals(Ljava/lang/Object;)Z @ 92
Event: 26.634 Thread 0x0000000059f80000 Uncommon trap: reason=class_check action=maybe_recompile pc=0x0000000003a38f10 method=org.gradle.api.internal.attributes.DefaultImmutableAttributes.equals(Ljava/lang/Object;)Z @ 92

Classes redefined (0 events):
No events

Internal exceptions (10 events):
Event: 26.976 Thread 0x0000000059f80000 Exception <a 'java/lang/ClassNotFoundException': com/android/build/gradle/tasks/MergeResources_DecoratedBeanInfo> (0x00000000e2d83fc0) thrown at [D:\src\AOSP-openjdk-cygwin\jdk8u\hotspot\src\share\vm\classfile\systemDictionary.cpp, line 210]
Event: 26.980 Thread 0x0000000059f80000 Exception <a 'java/lang/ClassNotFoundException': com/android/build/gradle/tasks/MergeResourcesBeanInfo> (0x00000000e2d9f5d8) thrown at [D:\src\AOSP-openjdk-cygwin\jdk8u\hotspot\src\share\vm\classfile\systemDictionary.cpp, line 210]
Event: 26.982 Thread 0x0000000059f80000 Exception <a 'java/lang/ClassNotFoundException': com/android/build/gradle/tasks/ResourceAwareTaskBeanInfo> (0x00000000e2dbb810) thrown at [D:\src\AOSP-openjdk-cygwin\jdk8u\hotspot\src\share\vm\classfile\systemDictionary.cpp, line 210]
Event: 26.992 Thread 0x0000000059f80000 Exception <a 'java/lang/ClassNotFoundException': com/android/build/gradle/internal/tasks/IncrementalTaskBeanInfo> (0x00000000e2dd99f0) thrown at [D:\src\AOSP-openjdk-cygwin\jdk8u\hotspot\src\share\vm\classfile\systemDictionary.cpp, line 210]
Event: 26.999 Thread 0x0000000059f80000 Exception <a 'java/lang/ClassNotFoundException': com/android/build/gradle/internal/tasks/AndroidVariantTaskBeanInfo> (0x00000000e2df8278) thrown at [D:\src\AOSP-openjdk-cygwin\jdk8u\hotspot\src\share\vm\classfile\systemDictionary.cpp, line 210]
Event: 27.005 Thread 0x0000000059f80000 Exception <a 'java/lang/ClassNotFoundException': com/android/build/gradle/internal/tasks/AndroidVariantTaskCustomizer> (0x00000000e2e17ca8) thrown at [D:\src\AOSP-openjdk-cygwin\jdk8u\hotspot\src\share\vm\classfile\systemDictionary.cpp, line 210]
Event: 27.013 Thread 0x0000000059f80000 Exception <a 'java/lang/ClassNotFoundException': com/android/build/gradle/internal/tasks/IncrementalTaskCustomizer> (0x00000000e2e46bd8) thrown at [D:\src\AOSP-openjdk-cygwin\jdk8u\hotspot\src\share\vm\classfile\systemDictionary.cpp, line 210]
Event: 27.024 Thread 0x0000000059f80000 Exception <a 'java/lang/ClassNotFoundException': com/android/build/gradle/tasks/ResourceAwareTaskCustomizer> (0x00000000e2e74ef0) thrown at [D:\src\AOSP-openjdk-cygwin\jdk8u\hotspot\src\share\vm\classfile\systemDictionary.cpp, line 210]
Event: 27.034 Thread 0x0000000059f80000 Exception <a 'java/lang/ClassNotFoundException': com/android/build/gradle/tasks/MergeResourcesCustomizer> (0x00000000e2eb02b8) thrown at [D:\src\AOSP-openjdk-cygwin\jdk8u\hotspot\src\share\vm\classfile\systemDictionary.cpp, line 210]
Event: 27.047 Thread 0x0000000059f80000 Exception <a 'java/lang/ClassNotFoundException': com/android/build/gradle/tasks/MergeResources_DecoratedCustomizer> (0x00000000e2effc50) thrown at [D:\src\AOSP-openjdk-cygwin\jdk8u\hotspot\src\share\vm\classfile\systemDictionary.cpp, line 210]

Events (10 events):
Event: 27.152 loading class com/google/gson/internal/Streams$AppendableWriter
Event: 27.152 loading class com/google/gson/internal/Streams$AppendableWriter done
Event: 27.201 loading class com/android/build/gradle/tasks/CompatibleScreensManifest$CreationAction$configure$1
Event: 27.201 loading class com/android/build/gradle/tasks/CompatibleScreensManifest$CreationAction$configure$1 done
Event: 27.216 loading class java/util/AbstractList$1
Event: 27.217 loading class java/util/AbstractList$1 done
Event: 27.291 loading class com/android/build/gradle/internal/core/GradleVariantConfiguration
Event: 27.291 loading class com/android/build/gradle/internal/core/GradleVariantConfiguration done
Event: 27.323 loading class com/android/builder/model/SourceProvider
Event: 27.323 loading class com/android/builder/model/SourceProvider done


Dynamic libraries:
0x000000013fc20000 - 0x000000013fc51000 	C:\Program Files\Android\Android Studio\jre\bin\java.exe
0x0000000077500000 - 0x00000000776aa000 	C:\Windows\SYSTEM32\ntdll.dll
0x00000000773e0000 - 0x00000000774ff000 	C:\Windows\system32\kernel32.dll
0x000007fefd290000 - 0x000007fefd2fa000 	C:\Windows\system32\KERNELBASE.dll
0x000007fefee00000 - 0x000007fefeedb000 	C:\Windows\system32\ADVAPI32.dll
0x000007fefdc10000 - 0x000007fefdcaf000 	C:\Windows\system32\msvcrt.dll
0x000007feff500000 - 0x000007feff51f000 	C:\Windows\SYSTEM32\sechost.dll
0x000007feff540000 - 0x000007feff66d000 	C:\Windows\system32\RPCRT4.dll
0x00000000772e0000 - 0x00000000773da000 	C:\Windows\system32\USER32.dll
0x000007fefed90000 - 0x000007fefedf7000 	C:\Windows\system32\GDI32.dll
0x000007feff670000 - 0x000007feff67e000 	C:\Windows\system32\LPK.dll
0x000007fefec90000 - 0x000007fefed5b000 	C:\Windows\system32\USP10.dll
0x000007fef9fd0000 - 0x000007fefa1c4000 	C:\Windows\WinSxS\amd64_microsoft.windows.common-controls_6595b64144ccf1df_6.0.7601.18837_none_fa3b1e3d17594757\COMCTL32.dll
0x000007fefd5b0000 - 0x000007fefd621000 	C:\Windows\system32\SHLWAPI.dll
0x000007fefed60000 - 0x000007fefed8e000 	C:\Windows\system32\IMM32.DLL
0x000007fefd790000 - 0x000007fefd899000 	C:\Windows\system32\MSCTF.dll
0x0000000077d20000 - 0x0000000077df2000 	C:\Program Files\Android\Android Studio\jre\jre\bin\msvcr100.dll
0x0000000058170000 - 0x00000000589b6000 	C:\Program Files\Android\Android Studio\jre\jre\bin\server\jvm.dll
0x000007fee37d0000 - 0x000007fee37d9000 	C:\Windows\system32\WSOCK32.dll
0x000007fefdcb0000 - 0x000007fefdcfd000 	C:\Windows\system32\WS2_32.dll
0x000007feff490000 - 0x000007feff498000 	C:\Windows\system32\NSI.dll
0x000007fef84c0000 - 0x000007fef84fb000 	C:\Windows\system32\WINMM.dll
0x000007fefbd20000 - 0x000007fefbd2c000 	C:\Windows\system32\VERSION.dll
0x00000000776d0000 - 0x00000000776d7000 	C:\Windows\system32\PSAPI.DLL
0x000007fee86f0000 - 0x000007fee86ff000 	C:\Program Files\Android\Android Studio\jre\jre\bin\verify.dll
0x000007fee1e70000 - 0x000007fee1e99000 	C:\Program Files\Android\Android Studio\jre\jre\bin\java.dll
0x000007fee1eb0000 - 0x000007fee1ec6000 	C:\Program Files\Android\Android Studio\jre\jre\bin\zip.dll
0x000007fefdf00000 - 0x000007fefec8a000 	C:\Windows\system32\SHELL32.dll
0x000007fefdd00000 - 0x000007fefdefc000 	C:\Windows\system32\ole32.dll
0x000007fefd1f0000 - 0x000007fefd1ff000 	C:\Windows\system32\profapi.dll
0x000007fee1e50000 - 0x000007fee1e6a000 	C:\Program Files\Android\Android Studio\jre\jre\bin\net.dll
0x000007fefc910000 - 0x000007fefc965000 	C:\Windows\system32\mswsock.dll
0x000007fefca10000 - 0x000007fefca17000 	C:\Windows\System32\wship6.dll
0x000007fee1e30000 - 0x000007fee1e41000 	C:\Program Files\Android\Android Studio\jre\jre\bin\nio.dll
0x000007fed8fd0000 - 0x000007fed8ff6000 	C:\Users\pasha\.gradle\native\29\windows-amd64\native-platform.dll
0x000007fee6050000 - 0x000007fee6053000 	C:\Windows\system32\api-ms-win-core-synch-l1-2-0.DLL
0x000007fee8700000 - 0x000007fee870d000 	C:\Program Files\Android\Android Studio\jre\jre\bin\management.dll
0x000007fefca20000 - 0x000007fefca38000 	C:\Windows\system32\CRYPTSP.dll
0x000007fefc710000 - 0x000007fefc757000 	C:\Windows\system32\rsaenh.dll
0x000007fefd520000 - 0x000007fefd53e000 	C:\Windows\system32\USERENV.dll
0x000007fefd090000 - 0x000007fefd09f000 	C:\Windows\system32\CRYPTBASE.dll
0x000007fef9fa0000 - 0x000007fef9fc7000 	C:\Windows\system32\IPHLPAPI.DLL
0x000007fef9f90000 - 0x000007fef9f9b000 	C:\Windows\system32\WINNSI.DLL
0x000007feeb6a0000 - 0x000007feeb6b8000 	C:\Windows\system32\dhcpcsvc.DLL
0x000007feeafd0000 - 0x000007feeafe1000 	C:\Windows\system32\dhcpcsvc6.DLL

VM Arguments:
jvm_args: -Xmx1536m -Dfile.encoding=windows-1251 -Duser.country=RU -Duser.language=ru -Duser.variant 
java_command: org.gradle.launcher.daemon.bootstrap.GradleDaemon 5.4.1
java_class_path (initial): C:\Users\pasha\.gradle\wrapper\dists\gradle-5.4.1-all\3221gyojl5jsh0helicew7rwx\gradle-5.4.1\lib\gradle-launcher-5.4.1.jar
Launcher Type: SUN_STANDARD

Environment Variables:
JAVA_HOME=C:\Program Files\Java\jdk1.8.0_131
PATH=C:\ProgramData\Oracle\Java\javapath;C:\Program Files\Common Files\Microsoft Shared\Windows Live;C:\Program Files (x86)\Common Files\Microsoft Shared\Windows Live;C:\Program Files (x86)\AMD APP\bin\x86_64;C:\Program Files (x86)\AMD APP\bin\x86;C:\Program Files (x86)\Intel\iCLS Client\;C:\Program Files\Intel\iCLS Client\;C:\Windows\system32;C:\Windows;C:\Windows\System32\Wbem;C:\Windows\System32\WindowsPowerShell\v1.0\;C:\Program Files\Intel\Intel(R) Management Engine Components\DAL;C:\Program Files\Intel\Intel(R) Management Engine Components\IPT;C:\Program Files (x86)\Intel\Intel(R) Management Engine Components\DAL;C:\Program Files (x86)\Intel\Intel(R) Management Engine Components\IPT;C:\Program Files (x86)\ATI Technologies\ATI.ACE\Core-Static;C:\Program Files\Microsoft SQL Server\110\Tools\Binn\;C:\Program Files (x86)\Windows Kits\8.1\Windows Performance Toolkit\;C:\Program Files\Microsoft\Web Platform Installer\;C:\Program Files (x86)\GtkSharp\2.12\bin;C:\Program Files (x86)\Windows Live\Shared;C:\android_sdk\platform-tools;S:\Program Files\Git\cmd;S:\Ruby24-x64\bin;S:\Program Files\nodejs\;C:\Program Files (x86)\Skype\Phone\;S:\Program Files\PuTTY\;S:\Program Files\Microsoft VS Code\bin;S:\Program Files (x86)\Python\Scripts\;S:\Program Files (x86)\Python\;S:\Program Files (x86)\Fiddler;C:\Users\pasha\AppData\Roaming\npm;S:\Program Files\Microsoft VS Code\bin;S:\Program Files\Heroku\bin;S:\Program Files\curl\bin;S:\Program Files\ruby\bin;C:\Users\pasha\.gradle\wrapper\dists\gradle-4.4-all\9br9xq1tocpiv8o6njlyu5op1\gradle-4.4\bin;
USERNAME=pasha
OS=Windows_NT
PROCESSOR_IDENTIFIER=Intel64 Family 6 Model 58 Stepping 9, GenuineIntel



---------------  S Y S T E M  ---------------

OS: Windows 7 , 64 bit Build 7601 (6.1.7601.23915)

CPU:total 4 (initial active 4) (2 cores per cpu, 2 threads per core) family 6 model 58 stepping 9, cmov, cx8, fxsr, mmx, sse, sse2, sse3, ssse3, sse4.1, sse4.2, popcnt, avx, aes, clmul, erms, ht, tsc, tscinvbit, tscinv

Memory: 4k page, physical 4143472k(21856k free), swap 12530220k(2096k free)

vm_info: OpenJDK 64-Bit Server VM (25.202-b03) for windows-amd64 JRE (1.8.0_202-release-1483-b03), built by "builder" with MS VC++ 10.0 (VS2010)

time: Thu Nov 07 16:41:14 2019
timezone: RTZ 2 (зима)
elapsed time: 27 seconds (0d 0h 0m 27s)

